<?xml version="1.0" encoding="UTF-8"?>
<!-- Generated by org.testng.reporters.JUnitReportReporter -->
<testsuite hostname="DESKTOP-7EJ77M7" failures="0" tests="1" name="ujian.ujiankelima.appium.runner.CustomerSDRunner" time="6.527" errors="0" timestamp="2022-09-26T11:13:15 ICT" skipped="0">
  <testcase classname="ujian.ujiankelima.appium.runner.CustomerSDRunner" name="voucherAdd" time="6.527"/>
  <system-out/>
</testsuite> <!-- ujian.ujiankelima.appium.runner.CustomerSDRunner -->
