<?xml version="1.0" encoding="UTF-8"?>
<!-- Generated by org.testng.reporters.JUnitReportReporter -->
<testsuite hostname="DESKTOP-7EJ77M7" failures="0" tests="1" name="ujian.ujiankelima.appium.runner.CustomerSDRunner" time="14.080" errors="0" timestamp="2022-09-25T09:44:48 ICT" skipped="0">
  <testcase classname="ujian.ujiankelima.appium.runner.CustomerSDRunner" name="CustEdit" time="14.080"/>
  <system-out/>
</testsuite> <!-- ujian.ujiankelima.appium.runner.CustomerSDRunner -->
